<?xml version="1.0" encoding="UTF-8"?>
<robot generator="Robot 7.0.1 (Python 3.10.12 on linux)" generated="2024-08-13T20:38:05.980070" rpa="false" schemaversion="5">
<suite id="s1" name="Android Simple Example.Test" source="/home/marlon/dialog-qa-appium/tests/android_simple_example.test.robot">
<test id="s1-t1" name="Acess de app and verify login" line="12">
<kw name="Open Test Application">
<kw name="Open Application" owner="AppiumLibrary">
<kw name="Capture Page Screenshot" owner="AppiumLibrary">
<msg time="2024-08-13T20:38:06.396600" level="FAIL">No application is open</msg>
<doc>Takes a screenshot of the current page and embeds it into the log.</doc>
<status status="FAIL" start="2024-08-13T20:38:06.396150" elapsed="0.004090">No application is open</status>
</kw>
<msg time="2024-08-13T20:38:06.401475" level="WARN">Keyword 'Capture Page Screenshot' could not be run on failure: No application is open</msg>
<msg time="2024-08-13T20:38:06.402308" level="FAIL">WebDriverException: Message: An unknown server-side error occurred while processing the command. Original error: Unable to find an active device or emulator with OS 12. The following are available: emulator-5554 (9)
Stacktrace:
UnknownError: An unknown server-side error occurred while processing the command. Original error: Unable to find an active device or emulator with OS 12. The following are available: emulator-5554 (9)
    at getResponseForW3CError (/tmp/.mount_AppiumB823A1/resources/app/node_modules/appium/node_modules/appium-base-driver/lib/protocol/errors.js:804:9)
    at asyncHandler (/tmp/.mount_AppiumB823A1/resources/app/node_modules/appium/node_modules/appium-base-driver/lib/protocol/protocol.js:380:37)</msg>
<arg>http://127.0.0.1:4723/wd/hub</arg>
<arg>automationName=${ANDROID_AUTOMATION_NAME}</arg>
<arg>platformName=${ANDROID_PLATFORM_NAME}</arg>
<arg>platformVersion=${ANDROID_PLATFORM_VERSION}</arg>
<arg>app=${ANDROID_APP}</arg>
<arg>appPackage=br.com.dialog.dialogqa</arg>
<doc>Opens a new application to given Appium server.
Capabilities of appium server, Android and iOS,
Please check https://appium.io/docs/en/2.1/cli/args/
| *Option*            | *Man.* | *Description*     |
| remote_url          | Yes    | Appium server url |
| alias               | no     | alias             |
| strict_ssl          | No     | allows you to send commands to an invalid certificate host like a self-signed one. |</doc>
<status status="FAIL" start="2024-08-13T20:38:06.079062" elapsed="0.323842">WebDriverException: Message: An unknown server-side error occurred while processing the command. Original error: Unable to find an active device or emulator with OS 12. The following are available: emulator-5554 (9)
Stacktrace:
UnknownError: An unknown server-side error occurred while processing the command. Original error: Unable to find an active device or emulator with OS 12. The following are available: emulator-5554 (9)
    at getResponseForW3CError (/tmp/.mount_AppiumB823A1/resources/app/node_modules/appium/node_modules/appium-base-driver/lib/protocol/errors.js:804:9)
    at asyncHandler (/tmp/.mount_AppiumB823A1/resources/app/node_modules/appium/node_modules/appium-base-driver/lib/protocol/protocol.js:380:37)</status>
</kw>
<status status="FAIL" start="2024-08-13T20:38:06.078458" elapsed="0.324821">WebDriverException: Message: An unknown server-side error occurred while processing the command. Original error: Unable to find an active device or emulator with OS 12. The following are available: emulator-5554 (9)
Stacktrace:
UnknownError: An unknown server-side error occurred while processing the command. Original error: Unable to find an active device or emulator with OS 12. The following are available: emulator-5554 (9)
    at getResponseForW3CError (/tmp/.mount_AppiumB823A1/resources/app/node_modules/appium/node_modules/appium-base-driver/lib/protocol/errors.js:804:9)
    at asyncHandler (/tmp/.mount_AppiumB823A1/resources/app/node_modules/appium/node_modules/appium-base-driver/lib/protocol/protocol.js:380:37)</status>
</kw>
<kw name="Accept cookies if present">
<status status="NOT RUN" start="2024-08-13T20:38:06.403905" elapsed="0.000199"/>
</kw>
<kw name="Login in app if present">
<status status="NOT RUN" start="2024-08-13T20:38:06.404718" elapsed="0.000195"/>
</kw>
<kw name="Accept notifications if present">
<status status="NOT RUN" start="2024-08-13T20:38:06.405354" elapsed="0.000138"/>
</kw>
<kw name="Close password if present">
<status status="NOT RUN" start="2024-08-13T20:38:06.405858" elapsed="0.000119"/>
</kw>
<status status="FAIL" start="2024-08-13T20:38:06.077879" elapsed="0.328615">WebDriverException: Message: An unknown server-side error occurred while processing the command. Original error: Unable to find an active device or emulator with OS 12. The following are available: emulator-5554 (9)
Stacktrace:
UnknownError: An unknown server-side error occurred while processing the command. Original error: Unable to find an active device or emulator with OS 12. The following are available: emulator-5554 (9)
    at getResponseForW3CError (/tmp/.mount_AppiumB823A1/resources/app/node_modules/appium/node_modules/appium-base-driver/lib/protocol/errors.js:804:9)
    at asyncHandler (/tmp/.mount_AppiumB823A1/resources/app/node_modules/appium/node_modules/appium-base-driver/lib/protocol/protocol.js:380:37)</status>
</test>
<doc>Simple example using AppiumLibrary</doc>
<status status="FAIL" start="2024-08-13T20:38:05.982350" elapsed="0.425125"/>
</suite>
<statistics>
<total>
<stat pass="0" fail="1" skip="0">All Tests</stat>
</total>
<tag>
</tag>
<suite>
<stat pass="0" fail="1" skip="0" id="s1" name="Android Simple Example.Test">Android Simple Example.Test</stat>
</suite>
</statistics>
<errors>
<msg time="2024-08-13T20:38:06.401475" level="WARN">Keyword 'Capture Page Screenshot' could not be run on failure: No application is open</msg>
</errors>
</robot>
